C51 COMPILER V9.60.7.0   UART1                                                             07/21/2025 07:30:45 PAGE 1   


C51 COMPILER V9.60.7.0, COMPILATION OF MODULE UART1
OBJECT MODULE PLACED IN .\Objects\UART1.obj
COMPILER INVOKED BY: C:\Keil_v5\C51\BIN\C51.EXE UART1.c OPTIMIZE(8,SPEED) BROWSE DEBUG OBJECTEXTEND PRINT(.\Listings\UAR
                    -T1.lst) TABS(2) OBJECT(.\Objects\UART1.obj)

line level    source

   1          #include <reg52.h>
   2          #define lcd P2
   3          sbit RS=P1^0;
   4          sbit RW=P1^1;
   5          sbit EN=P1^2;
   6          sbit GET=P1^3;
   7          
   8          void delay();
   9          void LCD_CMD(int x);
  10          void LCD_DATA(unsigned char c);
  11          void LCD_INIT();
  12          void SEND(unsigned char *s);
  13          
  14          void delay(){
  15   1         int i,j;
  16   1        for(i=0;i<14;i++){
  17   2         for(j=0;j<65536;j++);
  18   2        }
  19   1      }
  20          void LCD_INIT(){
  21   1        LCD_CMD(0x38);
  22   1        delay() ;
  23   1        LCD_CMD(0x01);
  24   1        delay();
  25   1        LCD_CMD(0x80);
  26   1        delay();
  27   1        LCD_CMD(0x0c);
  28   1        delay();
  29   1      }
  30          void LCD_CMD(int x)
  31          {
  32   1        EN=1;
  33   1        RS=0;
  34   1        RW=0;
  35   1        lcd=x;
  36   1        delay();
  37   1        EN=0;
  38   1      }
  39          
  40          void SEND(unsigned char *s)
  41          {
  42   1        while(*s){
  43   2            LCD_DATA(*s);
  44   2            while(TI==0);
  45   2             TI=0;
  46   2             SBUF=*s++;
  47   2             GET=0;
  48   2        }
  49   1      }
  50          void LCD_DATA(unsigned char c)
  51          {
  52   1        EN=1;
  53   1        RS=1;
  54   1        RW=0;
C51 COMPILER V9.60.7.0   UART1                                                             07/21/2025 07:30:45 PAGE 2   

  55   1        lcd=c;
  56   1        delay();
  57   1        EN=0;
  58   1      }
  59          
  60           int main()
  61           {
  62   1         unsigned char ch;
  63   1        TMOD=0x20;
  64   1        SCON=0x50;
  65   1        TH1=0xFD;
  66   1        TR1=1;
  67   1        LCD_INIT();
  68   1        LCD_CMD(0x80);
  69   1        SEND("SILICON");
  70   1        while(1)
  71   1        {
  72   2          while(RI==0);
  73   2          ch=SBUF;
  74   2          RI=0;
  75   2          LCD_DATA(ch);
  76   2          SBUF=ch ;
  77   2          while(TI==0);
  78   2          TI=0;
  79   2          }
  80   1          return 0;
  81   1       }
*** WARNING C294 IN LINE 80 OF UART1.c: unreachable code


MODULE INFORMATION:   STATIC OVERLAYABLE
   CODE SIZE        =    219    ----
   CONSTANT SIZE    =      8    ----
   XDATA SIZE       =   ----    ----
   PDATA SIZE       =   ----    ----
   DATA SIZE        =   ----       6
   IDATA SIZE       =   ----    ----
   BIT SIZE         =   ----    ----
END OF MODULE INFORMATION.


C51 COMPILATION COMPLETE.  1 WARNING(S),  0 ERROR(S)
