C51 COMPILER V9.60.7.0   UART_STRING_TRANSMITTER                                           07/21/2025 09:00:06 PAGE 1   


C51 COMPILER V9.60.7.0, COMPILATION OF MODULE UART_STRING_TRANSMITTER
OBJECT MODULE PLACED IN .\Objects\UART_STRING_TRANSMITTER.obj
COMPILER INVOKED BY: C:\Keil_v5\C51\BIN\C51.EXE UART_STRING_TRANSMITTER.c OPTIMIZE(8,SPEED) BROWSE DEBUG OBJECTEXTEND PR
                    -INT(.\Listings\UART_STRING_TRANSMITTER.lst) TABS(2) OBJECT(.\Objects\UART_STRING_TRANSMITTER.obj)

line level    source

   1          #include<reg51.h>
   2          #include<stdio.h>
   3          void uart_init(void);
   4          void uart_string(char *str);
   5          void uart_trans(char ch);
   6          void uart_receive(void);
   7          void delay();
   8          
   9          void uart_init(void)
  10          {
  11   1        SCON = 0x50;
  12   1        TMOD = 0x20;
  13   1        TH1 = 0xFD;
  14   1        TL1 = 0xFD;
  15   1        TR1 = 1;
  16   1        PCON = 0x80;
  17   1      }
  18          void uart_string(char *str)
  19          {
  20   1        while(*str != '\0')
  21   1        {
  22   2          uart_trans(*str);
  23   2          str++;
  24   2        }
  25   1      }
  26          void uart_trans(char ch)
  27          {
  28   1        SBUF = ch;
  29   1        while(TI == 0);
  30   1        TI = 0;
  31   1      }
  32          void uart_receive(void)
  33          {
  34   1        char c;
  35   1        while(RI == 0);
  36   1        RI = 0;
  37   1        c = SBUF;
  38   1        uart_trans(c);
  39   1        P1 = c;
  40   1        delay();
  41   1        P1 = 0x00;
  42   1        delay();
  43   1        
  44   1      }
  45          void delay(void)
  46          {
  47   1        unsigned int i;
  48   1        for(i=0;i<100000;i++);
  49   1      }
  50          void main(void)
  51          { 
  52   1        unsigned int i;
  53   1        uart_init();
  54   1        uart_string("SILICON\r\n");
C51 COMPILER V9.60.7.0   UART_STRING_TRANSMITTER                                           07/21/2025 09:00:06 PAGE 2   

  55   1        while(1)
  56   1        {
  57   2          
  58   2         uart_receive();
  59   2          
  60   2        for(i=0;i<5;i++){   
  61   3          delay();
  62   3         }
  63   2        }
  64   1      
  65   1      }


MODULE INFORMATION:   STATIC OVERLAYABLE
   CODE SIZE        =    153    ----
   CONSTANT SIZE    =     10    ----
   XDATA SIZE       =   ----    ----
   PDATA SIZE       =   ----    ----
   DATA SIZE        =   ----       5
   IDATA SIZE       =   ----    ----
   BIT SIZE         =   ----    ----
END OF MODULE INFORMATION.


C51 COMPILATION COMPLETE.  0 WARNING(S),  0 ERROR(S)
