C51 COMPILER V9.60.7.0   UART_EXXINTERRUPT                                                 07/01/2025 09:25:52 PAGE 1   


C51 COMPILER V9.60.7.0, COMPILATION OF MODULE UART_EXXINTERRUPT
OBJECT MODULE PLACED IN .\Objects\UART_EXXINTERRUPT.obj
COMPILER INVOKED BY: C:\Keil_v5\C51\BIN\C51.EXE UART_EXXINTERRUPT.c OPTIMIZE(8,SPEED) BROWSE DEBUG OBJECTEXTEND PRINT(.\
                    -Listings\UART_EXXINTERRUPT.lst) TABS(2) OBJECT(.\Objects\UART_EXXINTERRUPT.obj)

line level    source

   1          #include<reg51.h>
   2          void uart_init(void);
   3          void uart_string(char *str);
   4          void uart_trans(char ch);
   5          char uart_receive(void);
   6          void delay(void);
   7          sbit led = P1^0;
   8          void uart_init(void)
   9          {
  10   1        SCON = 0x50;
  11   1        TMOD = 0x20;
  12   1        TH1 = 0xFD;
  13   1        TL1 = 0xFD;
  14   1        TR1 = 1;
  15   1        PCON = 0x00;
  16   1      }
  17          void uart_string(char *str)
  18          {
  19   1        while(*str != '\0')
  20   1        {
  21   2          uart_trans(*str);
  22   2          str++;
  23   2        }
  24   1      }
  25          void uart_trans(char ch)
  26          {
  27   1        SBUF = ch;
  28   1        while(TI == 0);
  29   1        TI = 0;
  30   1      }
  31          char uart_receive(void)
  32          {
  33   1        char rx;
  34   1        while(RI == 0);
  35   1        RI = 0;
  36   1        rx = SBUF;
  37   1        return rx;
  38   1      }
  39          void delay(void)
  40          {
  41   1        unsigned int i,j;
  42   1        for(i=0;i<14;i++)
  43   1        {
  44   2          for(j=0;j<5000;j++);
  45   2        }
  46   1      }
  47          void main(void)
  48          {
  49   1        char ch;
  50   1        char mode = 0;
  51   1        uart_init();
  52   1        uart_string("SILICON\r\n");
  53   1        
  54   1        while(1)
C51 COMPILER V9.60.7.0   UART_EXXINTERRUPT                                                 07/01/2025 09:25:52 PAGE 2   

  55   1        {
  56   2          if(RI == 1)
  57   2          {
  58   3            ch = uart_receive();
  59   3            if(ch == 'A')
  60   3            {
  61   4              mode = 1;
  62   4            }
  63   3            else if(ch == 'B')
  64   3            {
  65   4              mode = 2;
  66   4            }
  67   3            else if(ch == 'C')
  68   3            {
  69   4              mode = 3;
  70   4            }
  71   3          }
  72   2          if(mode == 1)
  73   2          {
  74   3            led = 1;
  75   3            delay();
  76   3            led = 0;
  77   3            delay();
  78   3          }
  79   2          else if(mode == 2)
  80   2          {
  81   3            led = 1;
  82   3          }
  83   2          else if(mode == 3)
  84   2          {
  85   3            led = 0;
  86   3          }
  87   2        }
  88   1      }


MODULE INFORMATION:   STATIC OVERLAYABLE
   CODE SIZE        =    176    ----
   CONSTANT SIZE    =     10    ----
   XDATA SIZE       =   ----    ----
   PDATA SIZE       =   ----    ----
   DATA SIZE        =   ----       4
   IDATA SIZE       =   ----    ----
   BIT SIZE         =   ----    ----
END OF MODULE INFORMATION.


C51 COMPILATION COMPLETE.  0 WARNING(S),  0 ERROR(S)
